<?xml version="1.0" encoding="UTF-8"?>
<testng-results skipped="0" failed="0" total="1" passed="1">
  <reporter-output>
  </reporter-output>
  <suite name="Suite" duration-ms="76170" started-at="2018-04-07T04:21:51Z" finished-at="2018-04-07T04:23:07Z">
    <groups>
    </groups>
    <test name="Test" duration-ms="76170" started-at="2018-04-07T04:21:51Z" finished-at="2018-04-07T04:23:07Z">
      <class name="com.naukri_Business_Logic.Naukri_Attachment_Code_Base">
        <test-method status="PASS" signature="preSetup()[pri:0, instance:com.naukri_Business_Logic.Naukri_Attachment_Code_Base@c038203]" name="preSetup" is-config="true" duration-ms="6625" started-at="2018-04-07T09:51:51Z" finished-at="2018-04-07T09:51:58Z">
          <reporter-output>
          </reporter-output>
        </test-method> <!-- preSetup -->
        <test-method status="PASS" signature="naukri_Login()[pri:0, instance:com.naukri_Business_Logic.Naukri_Attachment_Code_Base@c038203]" name="naukri_Login" duration-ms="68617" started-at="2018-04-07T09:51:58Z" finished-at="2018-04-07T09:53:07Z">
          <reporter-output>
          </reporter-output>
        </test-method> <!-- naukri_Login -->
        <test-method status="PASS" signature="postSetup()[pri:0, instance:com.naukri_Business_Logic.Naukri_Attachment_Code_Base@c038203]" name="postSetup" is-config="true" duration-ms="890" started-at="2018-04-07T09:53:07Z" finished-at="2018-04-07T09:53:07Z">
          <reporter-output>
          </reporter-output>
        </test-method> <!-- postSetup -->
      </class> <!-- com.naukri_Business_Logic.Naukri_Attachment_Code_Base -->
    </test> <!-- Test -->
  </suite> <!-- Suite -->
</testng-results>
